
  .   ____          _            __ _ _
 /\\ / ___'_ __ _ _(_)_ __  __ _ \ \ \ \
( ( )\___ | '_ | '_| | '_ \/ _` | \ \ \ \
 \\/  ___)| |_)| | | | | || (_| |  ) ) ) )
  '  |____| .__|_| |_|_| |_\__, | / / / /
 =========|_|==============|___/=/_/_/_/
 :: Spring Boot ::        (v2.0.3.RELEASE)

13:40:15.551 [main] INFO  Application - Starting Application on 52NLUMMERLAND with PID 4236 (D:\dev\git\sensor-things\sensor-things-api-app\target\classes started by CarstenHollmann in D:\dev\git\sensor-things\sensor-things-api-app)
13:40:15.567 [main] DEBUG Application - Running with Spring Boot v2.0.3.RELEASE, Spring v5.0.7.RELEASE
13:40:15.567 [main] INFO  Application - No active profile set, falling back to default profiles: default
13:40:15.848 [main] INFO  AnnotationConfigServletWebServerApplicationContext - Refreshing org.springframework.boot.web.servlet.context.AnnotationConfigServletWebServerApplicationContext@53f0a4cb: startup date [Fri Oct 19 13:40:15 CEST 2018]; root of context hierarchy
13:40:25.906 [main] INFO  AutowiredAnnotationBeanPostProcessor - JSR-330 'javax.inject.Inject' annotation found and supported for autowiring
13:40:26.551 [main] INFO  PostProcessorRegistrationDelegate$BeanPostProcessorChecker - Bean 'org.springframework.transaction.annotation.ProxyTransactionManagementConfiguration' of type [org.springframework.transaction.annotation.ProxyTransactionManagementConfiguration$$EnhancerBySpringCGLIB$$3e73063b] is not eligible for getting processed by all BeanPostProcessors (for example: not eligible for auto-proxying)
13:40:30.254 [main] INFO  TomcatWebServer - Tomcat initialized with port(s): 8081 (http)
13:40:30.380 [main] INFO  Http11NioProtocol - Initializing ProtocolHandler ["http-nio-8081"]
13:40:30.511 [main] INFO  StandardService - Starting service [Tomcat]
13:40:30.511 [main] INFO  StandardEngine - Starting Servlet Engine: Apache Tomcat/8.5.31
13:40:30.542 [localhost-startStop-1] INFO  AprLifecycleListener - The APR based Apache Tomcat Native library which allows optimal performance in production environments was not found on the java.library.path: [C:\Program Files\Java\jdk1.8.0_181\bin;C:\WINDOWS\Sun\Java\bin;C:\WINDOWS\system32;C:\WINDOWS;C:\Program Files\Java\jdk1.8.0_181\jre\bin;C:/Program Files/Java/jdk1.8.0_181/bin/../jre/bin/server;C:/Program Files/Java/jdk1.8.0_181/bin/../jre/bin;C:/Program Files/Java/jdk1.8.0_181/bin/../jre/lib/amd64;C:\Program Files\Docker\Docker\Resources\bin;C:\ProgramData\Oracle\Java\javapath;C:\Program Files (x86)\Common Files\Oracle\Java\javapath;C:\Program Files (x86)\Intel\iCLS Client\;C:\Program Files\Intel\iCLS Client\;C:\WINDOWS\system32;C:\WINDOWS;C:\WINDOWS\System32\Wbem;C:\WINDOWS\System32\WindowsPowerShell\v1.0\;C:\Program Files\PuTTY\;C:\apache-maven\bin;C:\Program Files\OpenVPN\bin;C:\Program Files\netCDF\bin;%JAVA_HOME%\bin;C:\gradle\bin;C:\Program Files\TortoiseSVN\bin;C:\Program Files (x86)\AOMEI Backupper;C:\Program Files (x86)\Intel\Intel(R) Management Engine Components\DAL;C:\Program Files\Intel\Intel(R) Management Engine Components\DAL;C:\Program Files (x86)\Intel\Intel(R) Management Engine Components\IPT;C:\Program Files\Intel\Intel(R) Management Engine Components\IPT;C:\Program Files\PostgreSQL\9.6\bin\;C:\Program Files\Intel\WiFi\bin\;C:\Program Files\Common Files\Intel\WirelessCommon\;C:\WINDOWS\System32\OpenSSH\;C:\Program Files\nodejs\;C:\Program Files\TortoiseGit\bin;C:\Users\CarstenHollmann\AppData\Local\Microsoft\WindowsApps;C:\Users\CarstenHollmann\AppData\Local\GitHubDesktop\bin;C:\Program Files\Intel\WiFi\bin\;C:\Program Files\Common Files\Intel\WirelessCommon\;C:\Users\CarstenHollmann\AppData\Local\Microsoft\WindowsApps;C:\Users\CarstenHollmann\AppData\Roaming\npm;;D:\dev\eclipse;;.]
13:40:31.013 [localhost-startStop-1] INFO  [/] - Initializing Spring embedded WebApplicationContext
13:40:31.013 [localhost-startStop-1] INFO  ContextLoader - Root WebApplicationContext: initialization completed in 15165 ms
13:40:31.448 [localhost-startStop-1] INFO  ServletRegistrationBean - Servlet dispatcherServlet mapped to [/]
13:40:31.459 [localhost-startStop-1] INFO  FilterRegistrationBean - Mapping filter: 'characterEncodingFilter' to: [/*]
13:40:31.459 [localhost-startStop-1] INFO  FilterRegistrationBean - Mapping filter: 'hiddenHttpMethodFilter' to: [/*]
13:40:31.459 [localhost-startStop-1] INFO  FilterRegistrationBean - Mapping filter: 'httpPutFormContentFilter' to: [/*]
13:40:31.459 [localhost-startStop-1] INFO  FilterRegistrationBean - Mapping filter: 'requestContextFilter' to: [/*]
13:40:32.091 [main] INFO  LocalContainerEntityManagerFactoryBean - Building JPA container EntityManagerFactory for persistence unit 'sensorthingsapi-mapping'
13:40:32.191 [main] INFO  LogHelper - HHH000204: Processing PersistenceUnitInfo [
	name: sensorthingsapi-mapping
	...]
13:40:32.646 [main] INFO  Version - HHH000412: Hibernate Core {5.2.17.Final}
13:40:32.653 [main] INFO  Environment - HHH000206: hibernate.properties not found
13:40:32.701 [main] INFO  SpatialService - HHH80000001: hibernate-spatial integration enabled : true
13:40:32.862 [main] INFO  Version - HCANN000001: Hibernate Commons Annotations {5.0.1.Final}
13:40:37.637 [main] INFO  Dialect - HHH000400: Using dialect: org.hibernate.spatial.dialect.postgis.PostgisPG95Dialect
13:40:37.850 [main] INFO  LobCreatorBuilderImpl - HHH000422: Disabling contextual LOB creation as connection was null
13:40:37.863 [main] INFO  BasicTypeRegistry - HHH000270: Type registration [java.util.UUID] overrides previous : org.hibernate.type.UUIDBinaryType@41e8d917
13:40:46.864 [main] INFO  HikariDataSource - HikariPool-1 - Starting...
13:40:47.380 [main] INFO  HikariDataSource - HikariPool-1 - Start completed.
13:40:49.402 [main] INFO  LocalContainerEntityManagerFactoryBean - Initialized JPA EntityManagerFactory for persistence unit 'sensorthingsapi-mapping'
13:40:51.005 [main] INFO  ENGINE - dataFileCache open start
13:40:56.021 [main] INFO  QueryTranslatorFactoryInitiator - HHH000397: Using ASTQueryTranslatorFactory
13:40:59.332 [main] INFO  SimpleUrlHandlerMapping - Mapped URL path [/**/favicon.ico] onto handler of type [class org.springframework.web.servlet.resource.ResourceHttpRequestHandler]
13:41:00.413 [main] INFO  RequestMappingHandlerAdapter - Looking for @ControllerAdvice: org.springframework.boot.web.servlet.context.AnnotationConfigServletWebServerApplicationContext@53f0a4cb: startup date [Fri Oct 19 13:40:15 CEST 2018]; root of context hierarchy
13:41:00.540 [main] WARN  JpaBaseConfiguration$JpaWebConfiguration$JpaWebMvcConfiguration - spring.jpa.open-in-view is enabled by default. Therefore, database queries may be performed during view rendering. Explicitly configure spring.jpa.open-in-view to disable this warning
13:41:00.697 [main] INFO  RequestMappingHandlerMapping - Mapped "{[/sta/**]}" onto protected void org.n52.sta.service.SensorThingsController.process(javax.servlet.http.HttpServletRequest,javax.servlet.http.HttpServletResponse)
13:41:00.697 [main] INFO  RequestMappingHandlerMapping - Mapped "{[/error]}" onto public org.springframework.http.ResponseEntity<java.util.Map<java.lang.String, java.lang.Object>> org.springframework.boot.autoconfigure.web.servlet.error.BasicErrorController.error(javax.servlet.http.HttpServletRequest)
13:41:00.697 [main] INFO  RequestMappingHandlerMapping - Mapped "{[/error],produces=[text/html]}" onto public org.springframework.web.servlet.ModelAndView org.springframework.boot.autoconfigure.web.servlet.error.BasicErrorController.errorHtml(javax.servlet.http.HttpServletRequest,javax.servlet.http.HttpServletResponse)
13:41:00.822 [main] INFO  SimpleUrlHandlerMapping - Mapped URL path [/webjars/**] onto handler of type [class org.springframework.web.servlet.resource.ResourceHttpRequestHandler]
13:41:00.822 [main] INFO  SimpleUrlHandlerMapping - Mapped URL path [/**] onto handler of type [class org.springframework.web.servlet.resource.ResourceHttpRequestHandler]
13:41:01.835 [main] INFO  StdSchedulerFactory - Using default implementation for ThreadExecutor
13:41:02.018 [main] INFO  SchedulerSignalerImpl - Initialized Scheduler Signaller of type: class org.quartz.core.SchedulerSignalerImpl
13:41:02.018 [main] INFO  QuartzScheduler - Quartz Scheduler v.2.3.0 created.
13:41:02.018 [main] INFO  RAMJobStore - RAMJobStore initialized.
13:41:02.018 [main] INFO  QuartzScheduler - Scheduler meta-data: Quartz Scheduler (v2.3.0) 'quartzScheduler' with instanceId 'NON_CLUSTERED'
  Scheduler class: 'org.quartz.core.QuartzScheduler' - running locally.
  NOT STARTED.
  Currently in standby mode.
  Number of jobs executed: 0
  Using thread pool 'org.quartz.simpl.SimpleThreadPool' - with 10 threads.
  Using job-store 'org.quartz.simpl.RAMJobStore' - which does not support persistence. and is not clustered.

13:41:02.018 [main] INFO  StdSchedulerFactory - Quartz scheduler 'quartzScheduler' initialized from an externally provided properties instance.
13:41:02.018 [main] INFO  StdSchedulerFactory - Quartz scheduler version: 2.3.0
13:41:02.018 [main] INFO  QuartzScheduler - JobFactory set to: org.springframework.boot.autoconfigure.quartz.AutowireCapableBeanJobFactory@384b718c
13:41:02.518 [main] INFO  DefaultLifecycleProcessor - Starting beans in phase 2147483647
13:41:02.518 [main] INFO  SchedulerFactoryBean - Starting Quartz Scheduler now
13:41:02.518 [main] INFO  QuartzScheduler - Scheduler quartzScheduler_$_NON_CLUSTERED started.
13:41:02.534 [main] INFO  Http11NioProtocol - Starting ProtocolHandler ["http-nio-8081"]
13:41:02.565 [main] INFO  NioSelectorPool - Using a shared selector for servlet write/read
13:41:02.627 [main] INFO  TomcatWebServer - Tomcat started on port(s): 8081 (http) with context path ''
13:41:02.627 [main] INFO  Application - Started Application in 49.356 seconds (JVM running for 53.243)
13:41:51.883 [http-nio-8081-exec-10] INFO  [/] - Initializing Spring FrameworkServlet 'dispatcherServlet'
13:41:51.883 [http-nio-8081-exec-10] INFO  DispatcherServlet - FrameworkServlet 'dispatcherServlet': initialization started
13:41:51.944 [http-nio-8081-exec-10] INFO  DispatcherServlet - FrameworkServlet 'dispatcherServlet': initialization completed in 61 ms
13:41:56.271 [http-nio-8081-exec-10] DEBUG SQL - 
    select
        count(datastream0_.datastream_id) as col_0_0_ 
    from
        public.datastream datastream0_ 
    where
        datastream0_.name=?
13:41:56.355 [http-nio-8081-exec-10] DEBUG SQL - 
    select
        formatenti0_.format_id as col_0_0_ 
    from
        public.format formatenti0_ 
    where
        formatenti0_.definition=? limit ?
13:41:56.371 [http-nio-8081-exec-10] DEBUG SQL - 
    select
        formatenti0_.format_id as format_i1_14_,
        formatenti0_.definition as definiti2_14_ 
    from
        public.format formatenti0_ 
    where
        formatenti0_.definition=?
13:41:56.433 [http-nio-8081-exec-10] DEBUG SQL - 
    select
        unitentity0_.unit_id as col_0_0_ 
    from
        public.unit unitentity0_ 
    where
        unitentity0_.symbol=? limit ?
13:41:56.449 [http-nio-8081-exec-10] DEBUG SQL - 
    select
        unitentity0_.unit_id as unit_id1_40_,
        unitentity0_.symbol as symbol2_40_,
        unitentity0_.name as name3_40_,
        unitentity0_.link as link4_40_ 
    from
        public.unit unitentity0_ 
    where
        unitentity0_.symbol=?
13:41:56.480 [http-nio-8081-exec-10] DEBUG SQL - 
    select
        count(phenomenon0_.phenomenon_id) as col_0_0_ 
    from
        public.phenomenon phenomenon0_ 
    where
        phenomenon0_.identifier=?
13:41:56.496 [http-nio-8081-exec-10] DEBUG SQL - 
    select
        phenomenon0_.phenomenon_id as phenomen1_28_,
        phenomenon0_.identifier as identifi2_28_,
        phenomenon0_.fk_identifier_codespace_id as fk_ident3_28_,
        phenomenon0_.name as name4_28_,
        phenomenon0_.fk_name_codespace_id as fk_name_5_28_,
        phenomenon0_.description as descript6_28_ 
    from
        public.phenomenon phenomenon0_ 
    where
        phenomenon0_.identifier=?
13:41:56.511 [http-nio-8081-exec-10] DEBUG SQL - 
    select
        count(proceduree0_.procedure_id) as col_0_0_ 
    from
        public."procedure" proceduree0_ 
    where
        proceduree0_.identifier=?
13:41:56.527 [http-nio-8081-exec-10] DEBUG SQL - 
    select
        proceduree0_.procedure_id as procedur1_30_,
        proceduree0_.identifier as identifi2_30_,
        proceduree0_.fk_identifier_codespace_id as fk_ident3_30_,
        proceduree0_.name as name4_30_,
        proceduree0_.fk_name_codespace_id as fk_name_5_30_,
        proceduree0_.description as descript6_30_,
        proceduree0_.is_deleted as is_delet7_30_,
        proceduree0_.description_file as descript8_30_,
        proceduree0_.is_reference as is_refer9_30_,
        proceduree0_.fk_type_of_procedure_id as fk_type10_30_,
        proceduree0_.is_aggregation as is_aggr11_30_,
        proceduree0_.is_mobile as is_mobi12_30_,
        proceduree0_.is_insitu as is_insi13_30_,
        proceduree0_.fk_format_id as fk_form14_30_ 
    from
        public."procedure" proceduree0_ 
    where
        proceduree0_.identifier=? 
        or proceduree0_.name=?
13:41:56.558 [http-nio-8081-exec-10] DEBUG SQL - 
    select
        count(thingentit0_.thing_id) as col_0_0_ 
    from
        public.thing thingentit0_ 
    where
        thingentit0_.name=?
13:41:56.574 [http-nio-8081-exec-10] DEBUG SQL - 
    select
        thingentit0_.thing_id as thing_id1_38_,
        thingentit0_.name as name2_38_,
        thingentit0_.description as descript3_38_,
        thingentit0_.properties as properti4_38_ 
    from
        public.thing thingentit0_ 
    where
        thingentit0_.name=?
13:41:56.720 [http-nio-8081-exec-10] DEBUG SQL - 
    select
        nextval ('public.datastream_seq')
13:41:56.782 [http-nio-8081-exec-10] DEBUG SQL - 
    insert 
    into
        public.datastream
        (name, description, observed_area, result_time_start, result_time_end, phenomenon_time_start, phenomenon_time_end, fk_format_id, fk_unit_id, fk_thing_id, fk_procedure_id, fk_phenomenon_id, datastream_id) 
    values
        (?, ?, ?, ?, ?, ?, ?, ?, ?, ?, ?, ?, ?)
13:44:19.554 [http-nio-8081-exec-6] DEBUG SQL - 
    select
        count(datastream0_.datastream_id) as col_0_0_ 
    from
        public.datastream datastream0_ 
    where
        datastream0_.name=?
13:44:20.709 [http-nio-8081-exec-6] DEBUG SQL - 
    select
        datastream0_.datastream_id as datastre1_8_,
        datastream0_.name as name2_8_,
        datastream0_.description as descript3_8_,
        datastream0_.observed_area as observed4_8_,
        datastream0_.result_time_start as result_t5_8_,
        datastream0_.result_time_end as result_t6_8_,
        datastream0_.phenomenon_time_start as phenomen7_8_,
        datastream0_.phenomenon_time_end as phenomen8_8_,
        datastream0_.fk_format_id as fk_forma9_8_,
        datastream0_.fk_unit_id as fk_unit10_8_,
        datastream0_.fk_thing_id as fk_thin11_8_,
        datastream0_.fk_procedure_id as fk_proc12_8_,
        datastream0_.fk_phenomenon_id as fk_phen13_8_ 
    from
        public.datastream datastream0_ 
    where
        datastream0_.name=?
13:44:25.365 [http-nio-8081-exec-6] DEBUG SQL - 
    select
        formatenti0_.format_id as format_i1_14_0_,
        formatenti0_.definition as definiti2_14_0_ 
    from
        public.format formatenti0_ 
    where
        formatenti0_.format_id=?
13:44:25.381 [http-nio-8081-exec-6] DEBUG SQL - 
    select
        unitentity0_.unit_id as unit_id1_40_0_,
        unitentity0_.symbol as symbol2_40_0_,
        unitentity0_.name as name3_40_0_,
        unitentity0_.link as link4_40_0_ 
    from
        public.unit unitentity0_ 
    where
        unitentity0_.unit_id=?
13:44:54.757 [http-nio-8081-exec-5] DEBUG SQL - 
    select
        count(datastream0_.datastream_id) as col_0_0_ 
    from
        public.datastream datastream0_ 
    where
        datastream0_.name=?
13:44:54.773 [http-nio-8081-exec-5] DEBUG SQL - 
    select
        datastream0_.datastream_id as datastre1_8_,
        datastream0_.name as name2_8_,
        datastream0_.description as descript3_8_,
        datastream0_.observed_area as observed4_8_,
        datastream0_.result_time_start as result_t5_8_,
        datastream0_.result_time_end as result_t6_8_,
        datastream0_.phenomenon_time_start as phenomen7_8_,
        datastream0_.phenomenon_time_end as phenomen8_8_,
        datastream0_.fk_format_id as fk_forma9_8_,
        datastream0_.fk_unit_id as fk_unit10_8_,
        datastream0_.fk_thing_id as fk_thin11_8_,
        datastream0_.fk_procedure_id as fk_proc12_8_,
        datastream0_.fk_phenomenon_id as fk_phen13_8_ 
    from
        public.datastream datastream0_ 
    where
        datastream0_.name=?
13:44:54.773 [http-nio-8081-exec-5] DEBUG SQL - 
    select
        formatenti0_.format_id as format_i1_14_0_,
        formatenti0_.definition as definiti2_14_0_ 
    from
        public.format formatenti0_ 
    where
        formatenti0_.format_id=?
13:44:54.773 [http-nio-8081-exec-5] DEBUG SQL - 
    select
        unitentity0_.unit_id as unit_id1_40_0_,
        unitentity0_.symbol as symbol2_40_0_,
        unitentity0_.name as name3_40_0_,
        unitentity0_.link as link4_40_0_ 
    from
        public.unit unitentity0_ 
    where
        unitentity0_.unit_id=?
13:45:33.928 [http-nio-8081-exec-4] DEBUG SQL - 
    select
        count(datastream0_.datastream_id) as col_0_0_ 
    from
        public.datastream datastream0_ 
    where
        datastream0_.name=?
13:45:33.935 [http-nio-8081-exec-4] DEBUG SQL - 
    select
        datastream0_.datastream_id as datastre1_8_,
        datastream0_.name as name2_8_,
        datastream0_.description as descript3_8_,
        datastream0_.observed_area as observed4_8_,
        datastream0_.result_time_start as result_t5_8_,
        datastream0_.result_time_end as result_t6_8_,
        datastream0_.phenomenon_time_start as phenomen7_8_,
        datastream0_.phenomenon_time_end as phenomen8_8_,
        datastream0_.fk_format_id as fk_forma9_8_,
        datastream0_.fk_unit_id as fk_unit10_8_,
        datastream0_.fk_thing_id as fk_thin11_8_,
        datastream0_.fk_procedure_id as fk_proc12_8_,
        datastream0_.fk_phenomenon_id as fk_phen13_8_ 
    from
        public.datastream datastream0_ 
    where
        datastream0_.name=?
13:45:33.935 [http-nio-8081-exec-4] DEBUG SQL - 
    select
        formatenti0_.format_id as format_i1_14_0_,
        formatenti0_.definition as definiti2_14_0_ 
    from
        public.format formatenti0_ 
    where
        formatenti0_.format_id=?
13:45:33.935 [http-nio-8081-exec-4] DEBUG SQL - 
    select
        unitentity0_.unit_id as unit_id1_40_0_,
        unitentity0_.symbol as symbol2_40_0_,
        unitentity0_.name as name3_40_0_,
        unitentity0_.link as link4_40_0_ 
    from
        public.unit unitentity0_ 
    where
        unitentity0_.unit_id=?
